[debug] ----------------------------------------------------------------------
[debug] Command:      /usr/bin/nodejs /usr/local/bin/firebase serve --host dev.petja.me
[debug] CLI Version:  3.6.1
[debug] Platform:     linux
[debug] Node Version: v4.2.6
[debug] Time:         Tue Apr 25 2017 20:06:23 GMT+0300 (EEST)
[debug] ----------------------------------------------------------------------
[debug] 
[debug] > command requires scopes: ["email","openid","https://www.googleapis.com/auth/cloudplatformprojects.readonly","https://www.googleapis.com/auth/firebase","https://www.googleapis.com/auth/cloud-platform"]
[debug] >>> HTTP REQUEST GET https://admin.firebase.com/v1/projects/petja-me-9086b  
 Tue Apr 25 2017 20:06:23 GMT+0300 (EEST)
[debug] <<< HTTP RESPONSE 200
[debug] >>> HTTP REQUEST GET https://admin.firebase.com/v1/database/petja-me-9086b/tokens  
 Tue Apr 25 2017 20:06:24 GMT+0300 (EEST)
[debug] <<< HTTP RESPONSE 200
[info] Starting Firebase development server...
[info] 
[info] Project Directory: /home/petja/projects/petjame
[debug] >>> HTTP REQUEST GET https://cloudresourcemanager.googleapis.com/v1/projects/petja-me-9086b  
 Tue Apr 25 2017 20:06:25 GMT+0300 (EEST)
[debug] <<< HTTP RESPONSE 200
[debug] >>> HTTP REQUEST GET https://mobilesdk-pa.googleapis.com/v1/projects/92505312000/clients/_:getWebAppConfig  
 Tue Apr 25 2017 20:06:26 GMT+0300 (EEST)
[debug] <<< HTTP RESPONSE 200
[warn] ⚠  Port 5000 is not available. Trying another port...
[debug] >>> HTTP REQUEST GET https://cloudresourcemanager.googleapis.com/v1/projects/petja-me-9086b  
 Tue Apr 25 2017 20:06:26 GMT+0300 (EEST)
[debug] <<< HTTP RESPONSE 200
[debug] >>> HTTP REQUEST GET https://mobilesdk-pa.googleapis.com/v1/projects/92505312000/clients/_:getWebAppConfig  
 Tue Apr 25 2017 20:06:27 GMT+0300 (EEST)
[debug] <<< HTTP RESPONSE 200
[warn] ⚠  Port 5001 is not available. Trying another port...
[debug] >>> HTTP REQUEST GET https://cloudresourcemanager.googleapis.com/v1/projects/petja-me-9086b  
 Tue Apr 25 2017 20:06:27 GMT+0300 (EEST)
[debug] <<< HTTP RESPONSE 200
[debug] >>> HTTP REQUEST GET https://mobilesdk-pa.googleapis.com/v1/projects/92505312000/clients/_:getWebAppConfig  
 Tue Apr 25 2017 20:06:28 GMT+0300 (EEST)
[debug] <<< HTTP RESPONSE 200
[info] Public Directory: public
[info] 
[info] Server listening at: http://dev.petja.me:5002
